#
# A fatal error has been detected by the Java Runtime Environment:
#
#  EXCEPTION_ACCESS_VIOLATION (0xc0000005) at pc=0x000000006cbc5e03, pid=3300, tid=0x0000000000003124
#
# JRE version: Java(TM) SE Runtime Environment (8.0_171-b11) (build 1.8.0_171-b11)
# Java VM: Java HotSpot(TM) 64-Bit Server VM (25.171-b11 mixed mode windows-amd64 compressed oops)
# Problematic frame:
# C  [newt.dll+0x5e03]
#
# Failed to write core dump. Minidumps are not enabled by default on client versions of Windows
#
# If you would like to submit a bug report, please visit:
#   http://bugreport.java.com/bugreport/crash.jsp
# The crash happened outside the Java Virtual Machine in native code.
# See problematic frame for where to report the bug.
#

---------------  T H R E A D  ---------------

Current thread (0x000000001c79c800):  JavaThread "Animation Thread-Display-.windows_nil-1-EDT-1" daemon [_thread_in_native, id=12580, stack(0x000000001f300000,0x000000001f400000)]

siginfo: ExceptionCode=0xc0000005, writing address 0x0000000000000040

Registers:
RAX=0x0000000000000000, RBX=0x0000000000000000, RCX=0x0000000000000000, RDX=0x00000000ffffffff
RSP=0x000000001f3ff010, RBP=0x000000001f3ff0d0, RSI=0x0000000000000000, RDI=0x000000000536835d
R8 =0x0000000000000000, R9 =0x0000000000000000, R10=0x0000000005378c3b, R11=0x000000005bd2c460
R12=0x0000000000000000, R13=0x000000001f149ec8, R14=0x000000001f3ff108, R15=0x000000001c79c800
RIP=0x000000006cbc5e03, EFLAGS=0x0000000000010297

Top of Stack: (sp=0x000000001f3ff010)
0x000000001f3ff010:   000000001f149b38 0000000000000000
0x000000001f3ff020:   0000f1e3eb83cf10 00000000000f05b4
0x000000001f3ff030:   0000000000000003 000000001f149ec8
0x000000001f3ff040:   00000000207f5650 0000000005378c67
0x000000001f3ff050:   000000001c79c800 000000001f3ff0a0
0x000000001f3ff060:   000000001c79c800 0000000000000003
0x000000001f3ff070:   000000001f149b38 0000000005378cd3
0x000000001f3ff080:   000000001f3ff138 00007ffed89d984c
0x000000001f3ff090:   000000001f3ff090 0000000000000000
0x000000001f3ff0a0:   000000001f3ff108 000000001efdee30
0x000000001f3ff0b0:   0000000000000000 000000001f149ec8
0x000000001f3ff0c0:   0000000000000000 000000001f3ff0f0
0x000000001f3ff0d0:   000000001f3ff150 000000000536835d
0x000000001f3ff0e0:   0000000084763278 00000000053721d8
0x000000001f3ff0f0:   0000000000000000 0000000000000000
0x000000001f3ff100:   0000000000000000 00000000e26c15b8 

Instructions: (pc=0x000000006cbc5e03)
0x000000006cbc5de3:   83 ec 28 ba eb ff ff ff 4c 89 ce 4c 89 c1 4c 89
0x000000006cbc5df3:   c3 ff 15 ce 88 00 00 48 83 fe 01 48 89 d9 19 d2
0x000000006cbc5e03:   48 89 70 40 45 31 c9 83 ca 01 45 31 c0 89 50 3c
0x000000006cbc5e13:   48 8b 05 2e 89 00 00 ba 20 00 00 00 48 83 c4 28 


Register to memory mapping:

RAX=0x0000000000000000 is an unknown value
RBX=0x0000000000000000 is an unknown value
RCX=0x0000000000000000 is an unknown value
RDX=0x00000000ffffffff is an unallocated location in the heap
RSP=0x000000001f3ff010 is pointing into the stack for thread: 0x000000001c79c800
RBP=0x000000001f3ff0d0 is pointing into the stack for thread: 0x000000001c79c800
RSI=0x0000000000000000 is an unknown value
RDI=0x000000000536835d is at code_begin+2301 in an Interpreter codelet
invoke return entry points  [0x0000000005367a60, 0x0000000005368440]  2528 bytes
R8 =0x0000000000000000 is an unknown value
R9 =0x0000000000000000 is an unknown value
R10=0x0000000005378c3b is at code_begin+891 in an Interpreter codelet
method entry point (kind = native)  [0x00000000053788c0, 0x0000000005379280]  2496 bytes
R11=0x000000005bd2c460 is an unknown value
R12=0x0000000000000000 is an unknown value
R13={method} {0x000000001f149ed0} 'setPointerIcon0' '(JJ)V' in 'jogamp/newt/driver/windows/WindowDriver'
R14=0x000000001f3ff108 is pointing into the stack for thread: 0x000000001c79c800
R15=0x000000001c79c800 is a thread


Stack: [0x000000001f300000,0x000000001f400000],  sp=0x000000001f3ff010,  free space=1020k
Native frames: (J=compiled Java code, j=interpreted, Vv=VM code, C=native code)
C  [newt.dll+0x5e03]
C  0x0000000005378c67

Java frames: (J=compiled Java code, j=interpreted, Vv=VM code)
j  jogamp.newt.driver.windows.WindowDriver.setPointerIcon0(JJ)V+0
j  jogamp.newt.driver.windows.WindowDriver.setPointerIconImpl(Ljogamp/newt/PointerIconImpl;)V+17
j  jogamp.newt.WindowImpl.setPointerIconIntern(Ljogamp/newt/PointerIconImpl;)V+8
j  jogamp.newt.WindowImpl.createNative()Z+370
j  jogamp.newt.WindowImpl.setVisibleActionImpl(Z)V+138
j  jogamp.newt.WindowImpl$VisibleAction.run()V+8
j  jogamp.newt.DisplayImpl.runOnEDTIfAvail(ZLjava/lang/Runnable;)V+172
j  jogamp.newt.WindowImpl.runOnEDTIfAvail(ZLjava/lang/Runnable;)V+36
j  jogamp.newt.WindowImpl.setVisible(ZZ)V+190
j  jogamp.newt.WindowImpl.setVisible(Z)V+3
j  com.jogamp.newt.opengl.GLWindow.setVisible(Z)V+5
j  processing.opengl.PSurfaceJOGL$4.run()V+11
j  com.jogamp.common.util.RunnableTask.run()V+31
j  jogamp.newt.DefaultEDTUtil$NEDT.run()V+221
v  ~StubRoutines::call_stub

---------------  P R O C E S S  ---------------

Java Threads: ( => current thread )
  0x000000001c8f9800 JavaThread "Thread-0" daemon [_thread_in_native, id=6472, stack(0x0000000029bb0000,0x0000000029cb0000)]
  0x000000001c878000 JavaThread "Thread-10" [_thread_blocked, id=6752, stack(0x00000000297b0000,0x00000000298b0000)]
  0x000000001c872000 JavaThread "HighResTimerThread" daemon [_thread_blocked, id=14176, stack(0x00000000296b0000,0x00000000297b0000)]
  0x000000001c875800 JavaThread "Animation Thread-FPSAWTAnimator#02-Timer2" [_thread_blocked, id=3772, stack(0x00000000295b0000,0x00000000296b0000)]
  0x000000001c871000 JavaThread "HighResTimerThread" daemon [_thread_blocked, id=13576, stack(0x00000000293b0000,0x00000000294b0000)]
  0x000000001c872800 JavaThread "Animation Thread-FPSAWTAnimator#01-Timer1" [_thread_blocked, id=14124, stack(0x00000000258d0000,0x00000000259d0000)]
  0x000000001c873800 JavaThread "HighResTimerThread" daemon [_thread_blocked, id=8800, stack(0x00000000256d0000,0x00000000257d0000)]
  0x000000001c877000 JavaThread "Animation Thread-FPSAWTAnimator#00-Timer0" [_thread_blocked, id=11268, stack(0x00000000255d0000,0x00000000256d0000)]
  0x000000001c875000 JavaThread "HighResTimerThread" daemon [_thread_blocked, id=3320, stack(0x00000000253d0000,0x00000000254d0000)]
=>0x000000001c79c800 JavaThread "Animation Thread-Display-.windows_nil-1-EDT-1" daemon [_thread_in_native, id=12580, stack(0x000000001f300000,0x000000001f400000)]
  0x000000000502e800 JavaThread "DestroyJavaVM" [_thread_blocked, id=10644, stack(0x0000000005160000,0x0000000005260000)]
  0x000000001c3af000 JavaThread "Animation Thread" [_thread_blocked, id=7968, stack(0x000000001e400000,0x000000001e500000)]
  0x000000001c2d2800 JavaThread "AWT-EventQueue-0" [_thread_blocked, id=3308, stack(0x000000001d6c0000,0x000000001d7c0000)]
  0x000000001bc2c800 JavaThread "AWT-Shutdown" [_thread_blocked, id=2008, stack(0x000000001cb40000,0x000000001cc40000)]
  0x000000001bc29800 JavaThread "Java2D Disposer" daemon [_thread_blocked, id=816, stack(0x000000001ca40000,0x000000001cb40000)]
  0x000000001b88a000 JavaThread "Service Thread" daemon [_thread_blocked, id=220, stack(0x000000001bc70000,0x000000001bd70000)]
  0x0000000019e70000 JavaThread "C1 CompilerThread2" daemon [_thread_blocked, id=4560, stack(0x000000001b770000,0x000000001b870000)]
  0x0000000019e2a800 JavaThread "C2 CompilerThread1" daemon [_thread_blocked, id=14076, stack(0x000000001b670000,0x000000001b770000)]
  0x0000000019e22800 JavaThread "C2 CompilerThread0" daemon [_thread_blocked, id=3228, stack(0x000000001b570000,0x000000001b670000)]
  0x0000000019e1d000 JavaThread "Attach Listener" daemon [_thread_blocked, id=13700, stack(0x000000001b470000,0x000000001b570000)]
  0x0000000019e1c000 JavaThread "Signal Dispatcher" daemon [_thread_blocked, id=12876, stack(0x000000001b370000,0x000000001b470000)]
  0x0000000019e0a800 JavaThread "Finalizer" daemon [_thread_blocked, id=10580, stack(0x000000001b080000,0x000000001b180000)]
  0x0000000019de9000 JavaThread "Reference Handler" daemon [_thread_blocked, id=11552, stack(0x000000001af80000,0x000000001b080000)]

Other Threads:
  0x0000000019de7800 VMThread [stack: 0x000000001ae80000,0x000000001af80000] [id=13292]
  0x000000001b8b4800 WatcherThread [stack: 0x000000001bd70000,0x000000001be70000] [id=12656]

VM state:not at safepoint (normal execution)

VM Mutex/Monitor currently owned by a thread: None

Heap:
 PSYoungGen      total 235520K, used 219094K [0x00000000d6180000, 0x00000000e6a00000, 0x0000000100000000)
  eden space 229888K, 92% used [0x00000000d6180000,0x00000000e3230a98,0x00000000e4200000)
  from space 5632K, 95% used [0x00000000e4f00000,0x00000000e5444d90,0x00000000e5480000)
  to   space 16384K, 0% used [0x00000000e5a00000,0x00000000e5a00000,0x00000000e6a00000)
 ParOldGen       total 86016K, used 38205K [0x0000000082400000, 0x0000000087800000, 0x00000000d6180000)
  object space 86016K, 44% used [0x0000000082400000,0x000000008494f630,0x0000000087800000)
 Metaspace       used 19877K, capacity 20100K, committed 20480K, reserved 1067008K
  class space    used 1853K, capacity 1931K, committed 2048K, reserved 1048576K

Card table byte_map: [0x0000000014720000,0x0000000014b10000] byte_map_base: 0x000000001430e000

Marking Bits: (ParMarkBitMap*) 0x000000005c3208c0
 Begin Bits: [0x00000000151b0000, 0x0000000017120000)
 End Bits:   [0x0000000017120000, 0x0000000019090000)

Polling page: 0x0000000003350000

CodeCache: size=245760Kb used=9851Kb max_used=9890Kb free=235908Kb
 bounds [0x0000000005360000, 0x0000000005d20000, 0x0000000014360000]
 total_blobs=3699 nmethods=2771 adapters=840
 compilation: enabled

Compilation events (10 events):
Event: 195.838 Thread 0x0000000019e70000 3198       3       java.io.BufferedOutputStream::flushBuffer (29 bytes)
Event: 195.839 Thread 0x0000000019e70000 nmethod 3198 0x000000000559be50 code [0x000000000559bfc0, 0x000000000559c248]
Event: 195.839 Thread 0x0000000019e22800 3199       4       java.lang.AbstractStringBuilder::ensureCapacityInternal (27 bytes)
Event: 195.839 Thread 0x0000000019e70000 3200   !   3       java.util.Collections$SynchronizedMap::get (25 bytes)
Event: 195.840 Thread 0x0000000019e70000 nmethod 3200 0x000000000552cc90 code [0x000000000552ce00, 0x000000000552d1a8]
Event: 195.840 Thread 0x0000000019e70000 3201       1       jogamp.newt.WindowImpl::getX (5 bytes)
Event: 195.840 Thread 0x0000000019e70000 nmethod 3201 0x000000000552c950 code [0x000000000552caa0, 0x000000000552cbb0]
Event: 195.846 Thread 0x0000000019e22800 nmethod 3199 0x0000000005505e50 code [0x0000000005505fa0, 0x0000000005506278]
Event: 195.868 Thread 0x0000000019e70000 3203       3       java.io.FileOutputStream::write (12 bytes)
Event: 195.868 Thread 0x0000000019e70000 nmethod 3203 0x000000000572c3d0 code [0x000000000572c540, 0x000000000572c6c8]

GC Heap History (10 events):
Event: 2.283 GC heap before
{Heap before GC invocations=5 (full 0):
 PSYoungGen      total 136192K, used 135546K [0x00000000d6180000, 0x00000000deb80000, 0x0000000100000000)
  eden space 131072K, 99% used [0x00000000d6180000,0x00000000de1794f0,0x00000000de180000)
  from space 5120K, 87% used [0x00000000de680000,0x00000000deae53f0,0x00000000deb80000)
  to   space 5120K, 0% used [0x00000000de180000,0x00000000de180000,0x00000000de680000)
 ParOldGen       total 86016K, used 29963K [0x0000000082400000, 0x0000000087800000, 0x00000000d6180000)
  object space 86016K, 34% used [0x0000000082400000,0x0000000084142c00,0x0000000087800000)
 Metaspace       used 10819K, capacity 10982K, committed 11392K, reserved 1058816K
  class space    used 1212K, capacity 1289K, committed 1408K, reserved 1048576K
Event: 2.287 GC heap after
Heap after GC invocations=5 (full 0):
 PSYoungGen      total 136192K, used 4564K [0x00000000d6180000, 0x00000000e8780000, 0x0000000100000000)
  eden space 131072K, 0% used [0x00000000d6180000,0x00000000d6180000,0x00000000de180000)
  from space 5120K, 89% used [0x00000000de180000,0x00000000de5f53f0,0x00000000de680000)
  to   space 19456K, 0% used [0x00000000e7480000,0x00000000e7480000,0x00000000e8780000)
 ParOldGen       total 86016K, used 32672K [0x0000000082400000, 0x0000000087800000, 0x00000000d6180000)
  object space 86016K, 37% used [0x0000000082400000,0x00000000843e80a0,0x0000000087800000)
 Metaspace       used 10819K, capacity 10982K, committed 11392K, reserved 1058816K
  class space    used 1212K, capacity 1289K, committed 1408K, reserved 1048576K
}
Event: 4.259 GC heap before
{Heap before GC invocations=6 (full 0):
 PSYoungGen      total 136192K, used 135636K [0x00000000d6180000, 0x00000000e8780000, 0x0000000100000000)
  eden space 131072K, 100% used [0x00000000d6180000,0x00000000de180000,0x00000000de180000)
  from space 5120K, 89% used [0x00000000de180000,0x00000000de5f53f0,0x00000000de680000)
  to   space 19456K, 0% used [0x00000000e7480000,0x00000000e7480000,0x00000000e8780000)
 ParOldGen       total 86016K, used 32672K [0x0000000082400000, 0x0000000087800000, 0x00000000d6180000)
  object space 86016K, 37% used [0x0000000082400000,0x00000000843e80a0,0x0000000087800000)
 Metaspace       used 18179K, capacity 18322K, committed 18816K, reserved 1067008K
  class space    used 1782K, capacity 1832K, committed 1920K, reserved 1048576K
Event: 4.273 GC heap after
Heap after GC invocations=6 (full 0):
 PSYoungGen      total 281600K, used 11111K [0x00000000d6180000, 0x00000000e8780000, 0x0000000100000000)
  eden space 262144K, 0% used [0x00000000d6180000,0x00000000d6180000,0x00000000e6180000)
  from space 19456K, 57% used [0x00000000e7480000,0x00000000e7f59c98,0x00000000e8780000)
  to   space 19456K, 0% used [0x00000000e6180000,0x00000000e6180000,0x00000000e7480000)
 ParOldGen       total 86016K, used 32672K [0x0000000082400000, 0x0000000087800000, 0x00000000d6180000)
  object space 86016K, 37% used [0x0000000082400000,0x00000000843e80a0,0x0000000087800000)
 Metaspace       used 18179K, capacity 18322K, committed 18816K, reserved 1067008K
  class space    used 1782K, capacity 1832K, committed 1920K, reserved 1048576K
}
Event: 191.810 GC heap before
{Heap before GC invocations=7 (full 0):
 PSYoungGen      total 281600K, used 273255K [0x00000000d6180000, 0x00000000e8780000, 0x0000000100000000)
  eden space 262144K, 100% used [0x00000000d6180000,0x00000000e6180000,0x00000000e6180000)
  from space 19456K, 57% used [0x00000000e7480000,0x00000000e7f59c98,0x00000000e8780000)
  to   space 19456K, 0% used [0x00000000e6180000,0x00000000e6180000,0x00000000e7480000)
 ParOldGen       total 86016K, used 32672K [0x0000000082400000, 0x0000000087800000, 0x00000000d6180000)
  object space 86016K, 37% used [0x0000000082400000,0x00000000843e80a0,0x0000000087800000)
 Metaspace       used 19767K, capacity 19972K, committed 20480K, reserved 1067008K
  class space    used 1848K, capacity 1931K, committed 2048K, reserved 1048576K
Event: 191.838 GC heap after
Heap after GC invocations=7 (full 0):
 PSYoungGen      total 259072K, used 8149K [0x00000000d6180000, 0x00000000e7980000, 0x0000000100000000)
  eden space 250880K, 0% used [0x00000000d6180000,0x00000000d6180000,0x00000000e5680000)
  from space 8192K, 99% used [0x00000000e6180000,0x00000000e6975448,0x00000000e6980000)
  to   space 16384K, 0% used [0x00000000e6980000,0x00000000e6980000,0x00000000e7980000)
 ParOldGen       total 86016K, used 35739K [0x0000000082400000, 0x0000000087800000, 0x00000000d6180000)
  object space 86016K, 41% used [0x0000000082400000,0x00000000846e6d68,0x0000000087800000)
 Metaspace       used 19767K, capacity 19972K, committed 20480K, reserved 1067008K
  class space    used 1848K, capacity 1931K, committed 2048K, reserved 1048576K
}
Event: 193.305 GC heap before
{Heap before GC invocations=8 (full 0):
 PSYoungGen      total 259072K, used 258430K [0x00000000d6180000, 0x00000000e7980000, 0x0000000100000000)
  eden space 250880K, 99% used [0x00000000d6180000,0x00000000e55ea5d8,0x00000000e5680000)
  from space 8192K, 99% used [0x00000000e6180000,0x00000000e6975448,0x00000000e6980000)
  to   space 16384K, 0% used [0x00000000e6980000,0x00000000e6980000,0x00000000e7980000)
 ParOldGen       total 86016K, used 35739K [0x0000000082400000, 0x0000000087800000, 0x00000000d6180000)
  object space 86016K, 41% used [0x0000000082400000,0x00000000846e6d68,0x0000000087800000)
 Metaspace       used 19813K, capacity 20036K, committed 20480K, reserved 1067008K
  class space    used 1848K, capacity 1931K, committed 2048K, reserved 1048576K
Event: 193.315 GC heap after
Heap after GC invocations=8 (full 0):
 PSYoungGen      total 246784K, used 6464K [0x00000000d6180000, 0x00000000e7000000, 0x0000000100000000)
  eden space 240128K, 0% used [0x00000000d6180000,0x00000000d6180000,0x00000000e4c00000)
  from space 6656K, 97% used [0x00000000e6980000,0x00000000e6fd0088,0x00000000e7000000)
  to   space 16896K, 0% used [0x00000000e4f00000,0x00000000e4f00000,0x00000000e5f80000)
 ParOldGen       total 86016K, used 35771K [0x0000000082400000, 0x0000000087800000, 0x00000000d6180000)
  object space 86016K, 41% used [0x0000000082400000,0x00000000846eed68,0x0000000087800000)
 Metaspace       used 19813K, capacity 20036K, committed 20480K, reserved 1067008K
  class space    used 1848K, capacity 1931K, committed 2048K, reserved 1048576K
}
Event: 194.675 GC heap before
{Heap before GC invocations=9 (full 0):
 PSYoungGen      total 246784K, used 246592K [0x00000000d6180000, 0x00000000e7000000, 0x0000000100000000)
  eden space 240128K, 100% used [0x00000000d6180000,0x00000000e4c00000,0x00000000e4c00000)
  from space 6656K, 97% used [0x00000000e6980000,0x00000000e6fd0088,0x00000000e7000000)
  to   space 16896K, 0% used [0x00000000e4f00000,0x00000000e4f00000,0x00000000e5f80000)
 ParOldGen       total 86016K, used 35771K [0x0000000082400000, 0x0000000087800000, 0x00000000d6180000)
  object space 86016K, 41% used [0x0000000082400000,0x00000000846eed68,0x0000000087800000)
 Metaspace       used 19820K, capacity 20036K, committed 20480K, reserved 1067008K
  class space    used 1848K, capacity 1931K, committed 2048K, reserved 1048576K
Event: 194.683 GC heap after
Heap after GC invocations=9 (full 0):
 PSYoungGen      total 235520K, used 5395K [0x00000000d6180000, 0x00000000e6a00000, 0x0000000100000000)
  eden space 229888K, 0% used [0x00000000d6180000,0x00000000d6180000,0x00000000e4200000)
  from space 5632K, 95% used [0x00000000e4f00000,0x00000000e5444d90,0x00000000e5480000)
  to   space 16384K, 0% used [0x00000000e5a00000,0x00000000e5a00000,0x00000000e6a00000)
 ParOldGen       total 86016K, used 38205K [0x0000000082400000, 0x0000000087800000, 0x00000000d6180000)
  object space 86016K, 44% used [0x0000000082400000,0x000000008494f630,0x0000000087800000)
 Metaspace       used 19820K, capacity 20036K, committed 20480K, reserved 1067008K
  class space    used 1848K, capacity 1931K, committed 2048K, reserved 1048576K
}

Deoptimization events (10 events):
Event: 195.839 Thread 0x000000001c875800 Uncommon trap: reason=unstable_if action=reinterpret pc=0x00000000054ab2c8 method=com.jogamp.opengl.GLContext.isCreated()Z @ 6
Event: 195.840 Thread 0x000000001c79c800 Uncommon trap: reason=class_check action=maybe_recompile pc=0x0000000005b34684 method=jogamp.common.util.locks.RecursiveLockImpl01Unfairish.validateLocked()V @ 14
Event: 195.857 Thread 0x000000001c875800 Uncommon trap: reason=class_check action=maybe_recompile pc=0x0000000005915418 method=java.util.regex.Pattern$CharProperty.match(Ljava/util/regex/Matcher;ILjava/lang/CharSequence;)Z @ 18
Event: 195.857 Thread 0x000000001c875800 Uncommon trap: reason=class_check action=maybe_recompile pc=0x0000000005915418 method=java.util.regex.Pattern$CharProperty.match(Ljava/util/regex/Matcher;ILjava/lang/CharSequence;)Z @ 18
Event: 195.857 Thread 0x000000001c875800 Uncommon trap: reason=class_check action=maybe_recompile pc=0x0000000005b34684 method=jogamp.common.util.locks.RecursiveLockImpl01Unfairish.validateLocked()V @ 14
Event: 195.857 Thread 0x000000001c875800 Uncommon trap: reason=class_check action=maybe_recompile pc=0x0000000005b34684 method=jogamp.common.util.locks.RecursiveLockImpl01Unfairish.validateLocked()V @ 14
Event: 195.858 Thread 0x000000001c875800 Uncommon trap: reason=bimorphic action=maybe_recompile pc=0x0000000005b64470 method=java.util.regex.Pattern$Branch.match(Ljava/util/regex/Matcher;ILjava/lang/CharSequence;)Z @ 32
Event: 195.858 Thread 0x000000001c875800 Uncommon trap: reason=unstable_if action=reinterpret pc=0x00000000055ce99c method=jogamp.opengl.GLContextImpl.makeCurrent(Z)I @ 807
Event: 195.859 Thread 0x000000001c875800 Uncommon trap: reason=unstable_if action=reinterpret pc=0x00000000055f3c48 method=jogamp.opengl.GLAutoDrawableBase$2.run()V @ 7
Event: 195.859 Thread 0x000000001c875800 Uncommon trap: reason=unstable_if action=reinterpret pc=0x0000000005b6f010 method=processing.core.PApplet.handleDraw()V @ 27

Classes redefined (0 events):
No events

Internal exceptions (10 events):
Event: 31.848 Thread 0x000000001bc2d000 Implicit null exception at 0x0000000005b38e5a to 0x0000000005b39165
Event: 96.224 Thread 0x000000001c872800 Implicit null exception at 0x00000000059062e5 to 0x0000000005906349
Event: 96.224 Thread 0x000000001c877000 Implicit null exception at 0x00000000059062e5 to 0x0000000005906349
Event: 195.834 Thread 0x000000001c872800 Implicit null exception at 0x00000000055e8331 to 0x00000000055e9221
Event: 195.834 Thread 0x000000001c877000 Implicit null exception at 0x0000000005970253 to 0x00000000059702fa
Event: 195.837 Thread 0x000000001c79c800 Implicit null exception at 0x0000000005aed7fe to 0x0000000005aed891
Event: 195.867 Thread 0x000000001c8f8800 JVM_StopThread thread JavaThread 0x000000001c875800 as oop 0x00000000e158ab70 [exception 0x0000000029dae338]
Event: 195.867 Thread 0x000000001c875800 Exception <a 'java/lang/ThreadDeath'> (0x00000000e2ee3100) thrown at [C:\re\workspace\8-2-build-windows-amd64-cygwin\jdk8u171\10807\hotspot\src\share\vm\runtime\objectMonitor.cpp, line 1684]
Event: 195.867 Thread 0x000000001c8f8800 JVM_StopThread thread JavaThread 0x000000001c876800 as oop 0x00000000e26c34c0 [exception 0x0000000029dae338]
Event: 195.867 Thread 0x000000001c876800 Exception <a 'java/lang/ThreadDeath'> (0x00000000e2ee3320) thrown at [C:\re\workspace\8-2-build-windows-amd64-cygwin\jdk8u171\10807\hotspot\src\share\vm\runtime\objectMonitor.cpp, line 1684]

Events (10 events):
Event: 195.868 loading class jogamp/newt/DisplayImpl$6
Event: 195.868 loading class jogamp/newt/DisplayImpl$6 done
Event: 195.868 Executing VM operation: RevokeBias
Event: 195.868 Executing VM operation: RevokeBias done
Event: 195.868 Thread 0x000000001c876800 Thread exited: 0x000000001c876800
Event: 195.868 Executing VM operation: RevokeBias
Event: 195.869 Executing VM operation: RevokeBias done
Event: 195.869 Executing VM operation: RevokeBias
Event: 195.869 Executing VM operation: RevokeBias done
Event: 195.869 Thread 0x000000001c874000 Thread exited: 0x000000001c874000


Dynamic libraries:
0x00007ff71c260000 - 0x00007ff71c297000 	C:\Program Files\Java\jre1.8.0_171\bin\javaw.exe
0x00007ffeda690000 - 0x00007ffeda870000 	C:\WINDOWS\SYSTEM32\ntdll.dll
0x00007ffed8840000 - 0x00007ffed88ee000 	C:\WINDOWS\System32\KERNEL32.DLL
0x00007ffed77f0000 - 0x00007ffed7a56000 	C:\WINDOWS\System32\KERNELBASE.dll
0x00007ffed8bf0000 - 0x00007ffed8c91000 	C:\WINDOWS\System32\ADVAPI32.dll
0x00007ffed89c0000 - 0x00007ffed8a5d000 	C:\WINDOWS\System32\msvcrt.dll
0x00007ffeda170000 - 0x00007ffeda1cb000 	C:\WINDOWS\System32\sechost.dll
0x00007ffeda2e0000 - 0x00007ffeda3ff000 	C:\WINDOWS\System32\RPCRT4.dll
0x00007ffed8a60000 - 0x00007ffed8bef000 	C:\WINDOWS\System32\USER32.dll
0x00007ffed77d0000 - 0x00007ffed77f0000 	C:\WINDOWS\System32\win32u.dll
0x00007ffed81f0000 - 0x00007ffed8218000 	C:\WINDOWS\System32\GDI32.dll
0x00007ffed6c60000 - 0x00007ffed6df3000 	C:\WINDOWS\System32\gdi32full.dll
0x00007ffed75a0000 - 0x00007ffed763b000 	C:\WINDOWS\System32\msvcp_win.dll
0x00007ffed7a60000 - 0x00007ffed7b56000 	C:\WINDOWS\System32\ucrtbase.dll
0x00007ffec9340000 - 0x00007ffec95a9000 	C:\WINDOWS\WinSxS\amd64_microsoft.windows.common-controls_6595b64144ccf1df_6.0.16299.431_none_15c7d3ee93659e73\COMCTL32.dll
0x00007ffed84d0000 - 0x00007ffed87d8000 	C:\WINDOWS\System32\combase.dll
0x00007ffed7640000 - 0x00007ffed76b2000 	C:\WINDOWS\System32\bcryptPrimitives.dll
0x00007ffed8420000 - 0x00007ffed844d000 	C:\WINDOWS\System32\IMM32.DLL
0x000000005af20000 - 0x000000005aff2000 	C:\Program Files\Java\jre1.8.0_171\bin\msvcr100.dll
0x000000005bb00000 - 0x000000005c3a0000 	C:\Program Files\Java\jre1.8.0_171\bin\server\jvm.dll
0x00007ffed89b0000 - 0x00007ffed89b8000 	C:\WINDOWS\System32\PSAPI.DLL
0x00007ffec6420000 - 0x00007ffec6429000 	C:\WINDOWS\SYSTEM32\WSOCK32.dll
0x00007ffed8cc0000 - 0x00007ffed8d2c000 	C:\WINDOWS\System32\WS2_32.dll
0x00007ffed43a0000 - 0x00007ffed43c3000 	C:\WINDOWS\SYSTEM32\WINMM.dll
0x00007ffed0580000 - 0x00007ffed058a000 	C:\WINDOWS\SYSTEM32\VERSION.dll
0x00007ffed4340000 - 0x00007ffed436a000 	C:\WINDOWS\SYSTEM32\winmmbase.dll
0x00007ffed6e00000 - 0x00007ffed6e4a000 	C:\WINDOWS\System32\cfgmgr32.dll
0x000000005c870000 - 0x000000005c87f000 	C:\Program Files\Java\jre1.8.0_171\bin\verify.dll
0x000000005c840000 - 0x000000005c869000 	C:\Program Files\Java\jre1.8.0_171\bin\java.dll
0x000000005c820000 - 0x000000005c836000 	C:\Program Files\Java\jre1.8.0_171\bin\zip.dll
0x00007ffed8d30000 - 0x00007ffeda168000 	C:\WINDOWS\System32\SHELL32.dll
0x00007ffed8900000 - 0x00007ffed89a6000 	C:\WINDOWS\System32\shcore.dll
0x00007ffed6e50000 - 0x00007ffed7597000 	C:\WINDOWS\System32\windows.storage.dll
0x00007ffed8220000 - 0x00007ffed8271000 	C:\WINDOWS\System32\shlwapi.dll
0x00007ffed69e0000 - 0x00007ffed69f1000 	C:\WINDOWS\System32\kernel.appcore.dll
0x00007ffed6a20000 - 0x00007ffed6a6c000 	C:\WINDOWS\System32\powrprof.dll
0x00007ffed6a70000 - 0x00007ffed6a8b000 	C:\WINDOWS\System32\profapi.dll
0x000000005ad80000 - 0x000000005af18000 	C:\Program Files\Java\jre1.8.0_171\bin\awt.dll
0x00007ffed7b60000 - 0x00007ffed7c25000 	C:\WINDOWS\System32\OLEAUT32.dll
0x00007ffed4870000 - 0x00007ffed48f8000 	C:\WINDOWS\SYSTEM32\apphelp.dll
0x00007ffed4ab0000 - 0x00007ffed4b45000 	C:\WINDOWS\system32\uxtheme.dll
0x00007ffed8080000 - 0x00007ffed81e7000 	C:\WINDOWS\System32\MSCTF.dll
0x00007ffeaa8b0000 - 0x00007ffeaa959000 	C:\Program Files\Common Files\microsoft shared\ink\tiptsf.dll
0x00007ffed4ce0000 - 0x00007ffed4d0a000 	C:\WINDOWS\system32\dwmapi.dll
0x00007ffeba6e0000 - 0x00007ffeba720000 	C:\Program Files\Lenovo\Bluetooth Software\btmmhook.dll
0x00007ffeda400000 - 0x00007ffeda549000 	C:\WINDOWS\System32\ole32.dll
0x00007ffeb2d50000 - 0x00007ffeb2e6e000 	C:\WINDOWS\system32\opengl32.dll
0x00007ffeb2ce0000 - 0x00007ffeb2d0c000 	C:\WINDOWS\SYSTEM32\GLU32.dll
0x000000005ac50000 - 0x000000005ac97000 	C:\Program Files\Java\jre1.8.0_171\bin\fontmanager.dll
0x00007ffeb2750000 - 0x00007ffeb27e8000 	C:\WINDOWS\System32\TextInputFramework.dll
0x00007ffed1d80000 - 0x00007ffed206e000 	C:\WINDOWS\System32\CoreUIComponents.dll
0x00007ffed40e0000 - 0x00007ffed41bc000 	C:\WINDOWS\System32\CoreMessaging.dll
0x00007ffed5b10000 - 0x00007ffed5b41000 	C:\WINDOWS\SYSTEM32\ntmarta.dll
0x00007ffed2ad0000 - 0x00007ffed2c06000 	C:\WINDOWS\SYSTEM32\wintypes.dll
0x00007ffeda1e0000 - 0x00007ffeda27e000 	C:\WINDOWS\System32\clbcatq.dll
0x00007ffeb12b0000 - 0x00007ffeb14b6000 	C:\Windows\System32\uiautomationcore.dll
0x00007ffed6840000 - 0x00007ffed68da000 	C:\WINDOWS\SYSTEM32\sxs.dll
0x00007ffecad90000 - 0x00007ffecadfe000 	C:\Windows\System32\OLEACC.dll
0x00007ffeb26c0000 - 0x00007ffeb2741000 	C:\WINDOWS\SYSTEM32\twinapi.dll
0x00007ffed4e60000 - 0x00007ffed4fdb000 	C:\WINDOWS\SYSTEM32\twinapi.appcore.dll
0x00007ffed4dd0000 - 0x00007ffed4df0000 	C:\WINDOWS\SYSTEM32\RMCLIENT.dll
0x00007ffed6540000 - 0x00007ffed6565000 	C:\WINDOWS\SYSTEM32\bcrypt.dll
0x000000005ac10000 - 0x000000005ac41000 	C:\Program Files\Java\jre1.8.0_171\bin\jpeg.dll
0x000000005c800000 - 0x000000005c81a000 	C:\Program Files\Java\jre1.8.0_171\bin\net.dll
0x00007ffed6270000 - 0x00007ffed62d6000 	C:\WINDOWS\system32\mswsock.dll
0x000000005bae0000 - 0x000000005baf1000 	C:\Program Files\Java\jre1.8.0_171\bin\nio.dll
0x000000005abc0000 - 0x000000005ac02000 	C:\Program Files\Java\jre1.8.0_171\bin\t2k.dll
0x000000005ab90000 - 0x000000005abba000 	C:\Program Files\Java\jre1.8.0_171\bin\dcpr.dll
0x00007ffed6440000 - 0x00007ffed6457000 	C:\WINDOWS\SYSTEM32\CRYPTSP.dll
0x00007ffed5e70000 - 0x00007ffed5ea3000 	C:\WINDOWS\system32\rsaenh.dll
0x00007ffed6910000 - 0x00007ffed6939000 	C:\WINDOWS\SYSTEM32\USERENV.dll
0x00007ffed6430000 - 0x00007ffed643b000 	C:\WINDOWS\SYSTEM32\CRYPTBASE.dll
0x00007ffed6000000 - 0x00007ffed6039000 	C:\WINDOWS\SYSTEM32\IPHLPAPI.DLL
0x00007ffed88f0000 - 0x00007ffed88f8000 	C:\WINDOWS\System32\NSI.dll
0x00007ffecf380000 - 0x00007ffecf396000 	C:\WINDOWS\SYSTEM32\dhcpcsvc6.DLL
0x00007ffecf430000 - 0x00007ffecf44a000 	C:\WINDOWS\SYSTEM32\dhcpcsvc.DLL
0x00000000637c0000 - 0x00000000637cd000 	C:\Users\Nikash\AppData\Local\Temp\jogamp_0000\file_cache\jln7763753501657582048\jln7339135091319772910\natives\windows-amd64\gluegen-rt.dll
0x000000005ad70000 - 0x000000005ad77000 	C:\Program Files\Java\jre1.8.0_171\bin\jawt.dll
0x000000006a440000 - 0x000000006a44d000 	C:\Users\Nikash\AppData\Local\Temp\jogamp_0000\file_cache\jln7763753501657582048\jln7339135091319772910\natives\windows-amd64\nativewindow_awt.dll
0x000000006c100000 - 0x000000006c10f000 	C:\Users\Nikash\AppData\Local\Temp\jogamp_0000\file_cache\jln7763753501657582048\jln7339135091319772910\natives\windows-amd64\nativewindow_win32.dll
0x000000006cbc0000 - 0x000000006cbd3000 	C:\Users\Nikash\AppData\Local\Temp\jogamp_0000\file_cache\jln7763753501657582048\jln7339135091319772910\natives\windows-amd64\newt.dll
0x00007ffec95b0000 - 0x00007ffec9647000 	C:\WINDOWS\SYSTEM32\mscms.dll
0x00007ffeb0f80000 - 0x00007ffeb0fc1000 	C:\WINDOWS\SYSTEM32\icm32.dll
0x00007ffed7c30000 - 0x00007ffed807e000 	C:\WINDOWS\System32\setupapi.dll
0x00007ffed67f0000 - 0x00007ffed6817000 	C:\WINDOWS\SYSTEM32\DEVOBJ.dll
0x00007ffed7770000 - 0x00007ffed77c8000 	C:\WINDOWS\System32\WINTRUST.dll
0x00007ffed6a00000 - 0x00007ffed6a12000 	C:\WINDOWS\System32\MSASN1.dll
0x00007ffed6a90000 - 0x00007ffed6c5e000 	C:\WINDOWS\System32\CRYPT32.dll
0x0000000064500000 - 0x00000000645b1000 	C:\Users\Nikash\AppData\Local\Temp\jogamp_0000\file_cache\jln7763753501657582048\jln7339135091319772910\natives\windows-amd64\jogl_desktop.dll
0x0000000064340000 - 0x00000000643a2000 	C:\Users\Nikash\AppData\Local\Temp\jogamp_0000\file_cache\jln7763753501657582048\jln7339135091319772910\natives\windows-amd64\jogl_mobile.dll
0x00007ffe91730000 - 0x00007ffe9248f000 	C:\WINDOWS\System32\DriverStore\FileRepository\igdlh64.inf_amd64_b9b9c39e4e2b88eb\ig9icd64.dll
0x00007ffed3380000 - 0x00007ffed3393000 	C:\WINDOWS\SYSTEM32\WTSAPI32.dll
0x00007ffecbdb0000 - 0x00007ffeccf0e000 	C:\WINDOWS\System32\DriverStore\FileRepository\igdlh64.inf_amd64_b9b9c39e4e2b88eb\igc64.dll
0x00007ffed5840000 - 0x00007ffed58ef000 	C:\WINDOWS\SYSTEM32\dxgi.dll
0x00007ffed3830000 - 0x00007ffed3b12000 	C:\WINDOWS\SYSTEM32\d3d11.dll
0x00007ffecd930000 - 0x00007ffecf075000 	C:\WINDOWS\System32\DriverStore\FileRepository\igdlh64.inf_amd64_b9b9c39e4e2b88eb\igd10iumd64.dll
0x00007ffed6510000 - 0x00007ffed6536000 	C:\WINDOWS\SYSTEM32\ncrypt.dll
0x00007ffed64d0000 - 0x00007ffed6506000 	C:\WINDOWS\SYSTEM32\NTASN1.dll
0x00007ffed53c0000 - 0x00007ffed5588000 	C:\WINDOWS\SYSTEM32\dbghelp.dll

VM Arguments:
jvm_args: -Dfile.encoding=Cp1252 
java_command: graphics.Main
java_class_path (initial): C:\Program Files\Java\jre1.8.0_171\lib\resources.jar;C:\Program Files\Java\jre1.8.0_171\lib\rt.jar;C:\Program Files\Java\jre1.8.0_171\lib\jsse.jar;C:\Program Files\Java\jre1.8.0_171\lib\jce.jar;C:\Program Files\Java\jre1.8.0_171\lib\charsets.jar;C:\Program Files\Java\jre1.8.0_171\lib\jfr.jar;C:\Program Files\Java\jre1.8.0_171\lib\ext\access-bridge-64.jar;C:\Program Files\Java\jre1.8.0_171\lib\ext\cldrdata.jar;C:\Program Files\Java\jre1.8.0_171\lib\ext\dnsns.jar;C:\Program Files\Java\jre1.8.0_171\lib\ext\jaccess.jar;C:\Program Files\Java\jre1.8.0_171\lib\ext\jfxrt.jar;C:\Program Files\Java\jre1.8.0_171\lib\ext\localedata.jar;C:\Program Files\Java\jre1.8.0_171\lib\ext\nashorn.jar;C:\Program Files\Java\jre1.8.0_171\lib\ext\sunec.jar;C:\Program Files\Java\jre1.8.0_171\lib\ext\sunjce_provider.jar;C:\Program Files\Java\jre1.8.0_171\lib\ext\sunmscapi.jar;C:\Program Files\Java\jre1.8.0_171\lib\ext\sunpkcs11.jar;C:\Program Files\Java\jre1.8.0_171\lib\ext\zipfs.jar;C:\Users\Nikash\Documents\GitHub\tanks;C:\Users\Nikash\Documents\GitHub\tanks\core.jar;C:\Users\Nikash\Documents\GitHub\tanks\junit.jar;C:\Users\Nikash\Documents\GitHub\tanks\org.hamcrest.core_1.3.0.v201303031735.jar;C:\Users\Nikash\Documents\GitHub\tanks\gluegen-rt.jar;C:\Users\Nikash\Documents\GitHub\tanks\gluegen-rt-natives-linux-aarch64.jar;C:\Users\Nikash\Documents\GitHub\tanks\gluegen-rt-natives-linux-amd64.jar;C:\Users\Nikash\Documents\GitHub\tanks\gluegen-rt-natives-linux-armv6hf.jar;C:\Users\Nikash\Documents\GitHub\tanks\gluegen-rt-natives-linux-i586.jar;C:\Users\Nikash\Documents\GitHub\tanks\gluegen-rt-natives-macosx-universal.jar;C:\Users\Nikash\Documents\GitHub\tanks\gluegen-rt-natives-windows-amd64.jar;C:\Users\Nikash\Documents\GitHub\tanks\gluegen-rt-natives-windows-i586.jar;C:\Users\Nikash\Documents\GitHub\tanks\jogl-all.jar;C:\Users\Nikash\Documents\GitHub\tanks\jogl-all-natives-linux-aarch64.jar;C:\Users\Nikash\Documents\GitHub\tanks\jogl-all-natives-linux-amd64.jar;C:\
Launcher Type: SUN_STANDARD

Environment Variables:
JAVA_HOME=C:\Program Files\Java\jdk1.8.0_111
PATH=C:/Program Files/Java/jre1.8.0_171/bin/server;C:/Program Files/Java/jre1.8.0_171/bin;C:/Program Files/Java/jre1.8.0_171/lib/amd64;C:\Program Files (x86)\Common Files\Oracle\Java\javapath;C:\Program Files\Microsoft MPI\Bin\;C:\Program Files\NVIDIA GPU Computing Toolkit\CUDA\v8.0\bin;C:\Program Files\NVIDIA GPU Computing Toolkit\CUDA\v8.0\libnvvp;C:\ProgramData\Oracle\Java\javapath;C:\Program Files\Broadcom\Broadcom 802.11 Network Adapter;C:\Windows\system32;C:\Windows;C:\Windows\System32\Wbem;C:\Windows\System32\WindowsPowerShell\v1.0\;C:\Program Files (x86)\NVIDIA Corporation\PhysX\Common;C:\Program Files\Lenovo\Bluetooth Software\;C:\Program Files\Lenovo\Bluetooth Software\syswow64;C:\Program Files (x86)\IVI Foundation\VISA\WinNT\Bin;C:\Program Files (x86)\sbt\\bin;C:\WINDOWS\system32;C:\WINDOWS;C:\WINDOWS\System32\Wbem;C:\WINDOWS\System32\WindowsPowerShell\v1.0\;C:\Program Files (x86)\scala\bin;C:\Program Files\Java\jdk1.8.0_111\bin;C:\Program Files\Git\cmd;C:\Program Files\TortoiseSVN\bin;C:\Program Files (x86)\GtkSharp\2.12\bin;C:\Users\Nikash\AppData\Local\Temp;C:\ProgramData\NVIDIA Corporation\cudnn-8.0-windows10-x64-v5.1\cuda\bin;C:\MongoDB\bin;C:\Users\Nikash\AppData\Local\Programs\Python\Python35;C:\Users\Nikash\AppData\Local\Programs\Python\Python35\Scripts;C:\Program Files\PuTTY\;;C:\WINDOWS\system32;C:\WINDOWS;C:\WINDOWS\System32\Wbem;C:\WINDOWS\System32\WindowsPowerShell\v1.0\;C:\Users\Nikash\AppData\Local\Programs\Python\Python36\Scripts\;C:\Users\Nikash\AppData\Local\Programs\Python\Python36\;C:\Users\Nikash\AppData\Local\Microsoft\WindowsApps;C:\Users\Nikash\AppData\Local\atom\bin;C:\Users\Nikash\AppData\Roaming\npm;C:\Users\Nikash\AppData\Local\Microsoft\WindowsApps;;C:\WINDOWS\system32;
USERNAME=Nikash
OS=Windows_NT
PROCESSOR_IDENTIFIER=Intel64 Family 6 Model 78 Stepping 3, GenuineIntel



---------------  S Y S T E M  ---------------

OS: Windows 10.0 , 64 bit Build 16299 (10.0.16299.431)

CPU:total 4 (initial active 4) (2 cores per cpu, 2 threads per core) family 6 model 78 stepping 3, cmov, cx8, fxsr, mmx, sse, sse2, sse3, ssse3, sse4.1, sse4.2, popcnt, avx, avx2, aes, clmul, erms, 3dnowpref, lzcnt, ht, tsc, tscinvbit, bmi1, bmi2, adx

Memory: 4k page, physical 8238856k(4404860k free), swap 9549576k(4848648k free)

vm_info: Java HotSpot(TM) 64-Bit Server VM (25.171-b11) for windows-amd64 JRE (1.8.0_171-b11), built on Mar 28 2018 16:06:12 by "java_re" with MS VC++ 10.0 (VS2010)

time: Tue May 22 08:45:16 2018
elapsed time: 195 seconds (0d 0h 3m 15s)

